#
# There is insufficient memory for the Java Runtime Environment to continue.
# Native memory allocation (mmap) failed to map 65536 bytes for Failed to commit metaspace.
# Possible reasons:
#   The system is out of physical RAM or swap space
#   The process is running with CompressedOops enabled, and the Java Heap may be blocking the growth of the native heap
# Possible solutions:
#   Reduce memory load on the system
#   Increase physical memory or swap space
#   Check if swap backing store is full
#   Decrease Java heap size (-Xmx/-Xms)
#   Decrease number of Java threads
#   Decrease Java thread stack sizes (-Xss)
#   Set larger code cache with -XX:ReservedCodeCacheSize=
#   JVM is running with Unscaled Compressed Oops mode in which the Java heap is
#     placed in the first 4GB address space. The Java Heap base address is the
#     maximum limit for the native heap growth. Please use -XX:HeapBaseMinAddress
#     to set the Java Heap base and to place the Java Heap above 4GB virtual address.
# This output file may be truncated or incomplete.
#
#  Out of Memory Error (virtualSpaceNode.cpp:110), pid=28060, tid=28900
#
# JRE version: OpenJDK Runtime Environment Temurin-17.0.8.1+1 (17.0.8.1+1) (build 17.0.8.1+1)
# Java VM: OpenJDK 64-Bit Server VM Temurin-17.0.8.1+1 (17.0.8.1+1, mixed mode, emulated-client, tiered, compressed oops, compressed class ptrs, g1 gc, windows-amd64)
# No core dump will be written. Minidumps are not enabled by default on client versions of Windows
#

---------------  S U M M A R Y ------------

Command Line: -XX:+HeapDumpOnOutOfMemoryError -Xmx1024m -Dsts.lsp.client=vscode -Dsts.log.file=/dev/null -XX:TieredStopAtLevel=1 -Xlog:jni+resolve=off -Dspring.config.location=file:c:\Users\asus\.vscode\extensions\vmware.vscode-spring-boot-1.49.0\language-server\BOOT-INF\classes\application.properties org.springframework.ide.vscode.boot.app.BootLanguageServerBootApp

Host: AMD Ryzen 5 3500U with Radeon Vega Mobile Gfx  , 8 cores, 5G,  Windows 11 , 64 bit Build 22621 (10.0.22621.285)
Time: Sun Sep 17 17:37:44 2023 Hora est. Pacífico, Sudamérica elapsed time: 52.433030 seconds (0d 0h 0m 52s)

---------------  T H R E A D  ---------------

Current thread (0x000001edc41b7c90):  JavaThread "Simple-Language-Server main thread" daemon [_thread_in_vm, id=28900, stack(0x000000d42e900000,0x000000d42ea00000)]

Stack: [0x000000d42e900000,0x000000d42ea00000]
Native frames: (J=compiled Java code, j=interpreted, Vv=VM code, C=native code)
V  [jvm.dll+0x678b0a]
V  [jvm.dll+0x835e84]
V  [jvm.dll+0x83762e]
V  [jvm.dll+0x837c93]
V  [jvm.dll+0x24746f]
V  [jvm.dll+0x831f1b]
V  [jvm.dll+0x61d3c6]
V  [jvm.dll+0x1c1aae]
V  [jvm.dll+0x61fd21]
V  [jvm.dll+0x61dd66]
V  [jvm.dll+0x23ce06]
V  [jvm.dll+0x1ec2ed]
V  [jvm.dll+0x1e1d21]
V  [jvm.dll+0x53fba0]
V  [jvm.dll+0x7b13fd]
V  [jvm.dll+0x7b135a]
V  [jvm.dll+0x40f364]
V  [jvm.dll+0x422b3b]
C  [java.dll+0x1657]

Java frames: (J=compiled Java code, j=interpreted, Vv=VM code)
J 1701  java.lang.ClassLoader.defineClass0(Ljava/lang/ClassLoader;Ljava/lang/Class;Ljava/lang/String;[BIILjava/security/ProtectionDomain;ZILjava/lang/Object;)Ljava/lang/Class; java.base@17.0.8.1 (0 bytes) @ 0x000001edb6a40109 [0x000001edb6a40020+0x00000000000000e9]
J 1700 c1 java.lang.System$2.defineClass(Ljava/lang/ClassLoader;Ljava/lang/Class;Ljava/lang/String;[BLjava/security/ProtectionDomain;ZILjava/lang/Object;)Ljava/lang/Class; java.base@17.0.8.1 (21 bytes) @ 0x000001edb6a4138c [0x000001edb6a41320+0x000000000000006c]
J 1699 c1 java.lang.invoke.MethodHandles$Lookup$ClassDefiner.defineClass(ZLjava/lang/Object;)Ljava/lang/Class; java.base@17.0.8.1 (97 bytes) @ 0x000001edb6a40d04 [0x000001edb6a40a00+0x0000000000000304]
j  java.lang.invoke.InvokerBytecodeGenerator.loadMethod([B)Ljava/lang/invoke/MemberName;+16 java.base@17.0.8.1
J 2644 c1 java.lang.invoke.LambdaForm.compileToBytecode()V java.base@17.0.8.1 (164 bytes) @ 0x000001edb6bad264 [0x000001edb6bad100+0x0000000000000164]
J 712 c1 java.lang.invoke.LambdaForm.prepare()V java.base@17.0.8.1 (112 bytes) @ 0x000001edb68ce3f4 [0x000001edb68ce380+0x0000000000000074]
J 711 c1 java.lang.invoke.MethodHandle.<init>(Ljava/lang/invoke/MethodType;Ljava/lang/invoke/LambdaForm;)V java.base@17.0.8.1 (37 bytes) @ 0x000001edb68cdd9c [0x000001edb68cdce0+0x00000000000000bc]
J 908 c1 java.lang.invoke.BoundMethodHandle.<init>(Ljava/lang/invoke/MethodType;Ljava/lang/invoke/LambdaForm;)V java.base@17.0.8.1 (32 bytes) @ 0x000001edb691c06c [0x000001edb691c020+0x000000000000004c]
j  java.lang.invoke.BoundMethodHandle$Species_LLLL.<init>(Ljava/lang/invoke/MethodType;Ljava/lang/invoke/LambdaForm;Ljava/lang/Object;Ljava/lang/Object;Ljava/lang/Object;Ljava/lang/Object;)V+3 java.base@17.0.8.1
j  java.lang.invoke.BoundMethodHandle$Species_LLLL.make(Ljava/lang/invoke/MethodType;Ljava/lang/invoke/LambdaForm;Ljava/lang/Object;Ljava/lang/Object;Ljava/lang/Object;Ljava/lang/Object;)Ljava/lang/invoke/BoundMethodHandle;+12 java.base@17.0.8.1
j  java.lang.invoke.DirectMethodHandle$Holder.invokeStatic(Ljava/lang/Object;Ljava/lang/Object;Ljava/lang/Object;Ljava/lang/Object;Ljava/lang/Object;Ljava/lang/Object;Ljava/lang/Object;)Ljava/lang/Object;+20 java.base@17.0.8.1
j  java.lang.invoke.BoundMethodHandle$Species_LLL.copyWithExtendL(Ljava/lang/invoke/MethodType;Ljava/lang/invoke/LambdaForm;Ljava/lang/Object;)Ljava/lang/invoke/BoundMethodHandle;+22 java.base@17.0.8.1
j  java.lang.invoke.MethodHandles.argumentsWithCombiner(ZLjava/lang/invoke/MethodHandle;ILjava/lang/invoke/MethodHandle;[I)Ljava/lang/invoke/MethodHandle;+122 java.base@17.0.8.1
j  java.lang.invoke.MethodHandles.foldArgumentsWithCombiner(Ljava/lang/invoke/MethodHandle;ILjava/lang/invoke/MethodHandle;[I)Ljava/lang/invoke/MethodHandle;+5 java.base@17.0.8.1
j  java.lang.invoke.StringConcatFactory.generateMHInlineCopy(Ljava/lang/invoke/MethodType;Ljava/util/List;)Ljava/lang/invoke/MethodHandle;+444 java.base@17.0.8.1
j  java.lang.invoke.StringConcatFactory.makeConcatWithConstants(Ljava/lang/invoke/MethodHandles$Lookup;Ljava/lang/String;Ljava/lang/invoke/MethodType;Ljava/lang/String;[Ljava/lang/Object;)Ljava/lang/invoke/CallSite;+220 java.base@17.0.8.1
j  java.lang.invoke.DirectMethodHandle$Holder.invokeStatic(Ljava/lang/Object;Ljava/lang/Object;Ljava/lang/Object;Ljava/lang/Object;Ljava/lang/Object;Ljava/lang/Object;)Ljava/lang/Object;+18 java.base@17.0.8.1
j  java.lang.invoke.DelegatingMethodHandle$Holder.delegate(Ljava/lang/Object;Ljava/lang/Object;Ljava/lang/Object;Ljava/lang/Object;Ljava/lang/Object;Ljava/lang/Object;)Ljava/lang/Object;+21 java.base@17.0.8.1
J 1881 c1 java.lang.invoke.BootstrapMethodInvoker.invoke(Ljava/lang/Class;Ljava/lang/invoke/MethodHandle;Ljava/lang/String;Ljava/lang/Object;Ljava/lang/Object;Ljava/lang/Class;)Ljava/lang/Object; java.base@17.0.8.1 (974 bytes) @ 0x000001edb6a8db1c [0x000001edb6a8c460+0x00000000000016bc]
J 1402 c1 java.lang.invoke.CallSite.makeSite(Ljava/lang/invoke/MethodHandle;Ljava/lang/String;Ljava/lang/invoke/MethodType;Ljava/lang/Object;Ljava/lang/Class;)Ljava/lang/invoke/CallSite; java.base@17.0.8.1 (91 bytes) @ 0x000001edb69cf764 [0x000001edb69cf720+0x0000000000000044]
J 1401 c1 java.lang.invoke.MethodHandleNatives.linkCallSiteImpl(Ljava/lang/Class;Ljava/lang/invoke/MethodHandle;Ljava/lang/String;Ljava/lang/invoke/MethodType;Ljava/lang/Object;[Ljava/lang/Object;)Ljava/lang/invoke/MemberName; java.base@17.0.8.1 (44 bytes) @ 0x000001edb69ce734 [0x000001edb69ce700+0x0000000000000034]
J 1400 c1 java.lang.invoke.MethodHandleNatives.linkCallSite(Ljava/lang/Object;ILjava/lang/Object;Ljava/lang/Object;Ljava/lang/Object;Ljava/lang/Object;[Ljava/lang/Object;)Ljava/lang/invoke/MemberName; java.base@17.0.8.1 (66 bytes) @ 0x000001edb69ce2b4 [0x000001edb69ce1c0+0x00000000000000f4]
v  ~StubRoutines::call_stub
j  org.springframework.ide.vscode.boot.jdt.ls.JdtLsProjectCache.enableClasspathListener(Z)V+8
j  org.springframework.ide.vscode.boot.jdt.ls.JdtLsProjectCache.lambda$initialize$3()Lreactor/core/publisher/Mono;+22
j  org.springframework.ide.vscode.boot.jdt.ls.JdtLsProjectCache$$Lambda$542+0x000000010040c000.get()Ljava/lang/Object;+4
j  reactor.core.publisher.MonoDefer.subscribe(Lreactor/core/CoreSubscriber;)V+4
j  reactor.core.publisher.InternalMonoOperator.subscribe(Lreactor/core/CoreSubscriber;)V+33
j  reactor.core.publisher.MonoIgnoreThen$ThenIgnoreMain.subscribeNext()V+89
j  reactor.core.publisher.MonoIgnoreThen$ThenIgnoreMain.onComplete()V+49
j  reactor.core.publisher.FluxOnAssembly$OnAssemblySubscriber.onComplete()V+4
j  reactor.core.publisher.MonoCompletionStage$MonoCompletionStageSubscription.apply(Ljava/lang/Object;Ljava/lang/Throwable;)Ljava/lang/Void;+109
j  reactor.core.publisher.MonoCompletionStage$MonoCompletionStageSubscription.apply(Ljava/lang/Object;Ljava/lang/Object;)Ljava/lang/Object;+6
j  java.util.concurrent.CompletableFuture.uniHandle(Ljava/lang/Object;Ljava/util/function/BiFunction;Ljava/util/concurrent/CompletableFuture$UniHandle;)Z+58 java.base@17.0.8.1
j  java.util.concurrent.CompletableFuture$UniHandle.tryFire(I)Ljava/util/concurrent/CompletableFuture;+52 java.base@17.0.8.1
j  java.util.concurrent.CompletableFuture.postComplete()V+76 java.base@17.0.8.1
j  java.util.concurrent.CompletableFuture.complete(Ljava/lang/Object;)Z+7 java.base@17.0.8.1
j  org.springframework.ide.vscode.commons.languageserver.util.SimpleLanguageServer.lambda$initialized$8()V+43
j  org.springframework.ide.vscode.commons.languageserver.util.SimpleLanguageServer$$Lambda$693+0x00000001004e1670.run()V+4
j  org.springframework.ide.vscode.commons.util.AsyncRunner.lambda$execute$1(Lorg/springframework/ide/vscode/commons/util/RunnableWithException;)V+1
j  org.springframework.ide.vscode.commons.util.AsyncRunner$$Lambda$694+0x00000001004e1890.run()V+4
j  reactor.core.publisher.MonoRunnable.call()Ljava/lang/Void;+4
j  reactor.core.publisher.MonoRunnable.call()Ljava/lang/Object;+1
j  reactor.core.publisher.MonoCallableOnAssembly.call()Ljava/lang/Object;+7
j  reactor.core.publisher.FluxSubscribeOnCallable$CallableSubscribeOnSubscription.run()V+4
j  reactor.core.scheduler.SchedulerTask.call()Ljava/lang/Void;+49
j  reactor.core.scheduler.SchedulerTask.call()Ljava/lang/Object;+1
j  java.util.concurrent.FutureTask.run()V+39 java.base@17.0.8.1
j  java.util.concurrent.ScheduledThreadPoolExecutor$ScheduledFutureTask.run()V+28 java.base@17.0.8.1
j  java.util.concurrent.ThreadPoolExecutor.runWorker(Ljava/util/concurrent/ThreadPoolExecutor$Worker;)V+92 java.base@17.0.8.1
j  java.util.concurrent.ThreadPoolExecutor$Worker.run()V+5 java.base@17.0.8.1
j  java.lang.Thread.run()V+11 java.base@17.0.8.1
v  ~StubRoutines::call_stub

---------------  P R O C E S S  ---------------

Threads class SMR info:
_java_thread_list=0x000001edc33e2ca0, length=16, elements={
0x000001edbe7f2780, 0x000001edbe7f3ae0, 0x000001edbe824a40, 0x000001edbe827420,
0x000001edbe829d00, 0x000001edbe82a5d0, 0x000001edbe82aea0, 0x000001edbe82e700,
0x000001edbeb67a50, 0x000001edbeb72f40, 0x000001edc3b650e0, 0x000001edc40b2550,
0x000001edc40b3240, 0x000001edb3a3fda0, 0x000001edc3f450e0, 0x000001edc41b7c90
}

Java Threads: ( => current thread )
  0x000001edbe7f2780 JavaThread "Reference Handler" daemon [_thread_blocked, id=25192, stack(0x000000d42d400000,0x000000d42d500000)]
  0x000001edbe7f3ae0 JavaThread "Finalizer" daemon [_thread_blocked, id=24356, stack(0x000000d42d500000,0x000000d42d600000)]
  0x000001edbe824a40 JavaThread "Signal Dispatcher" daemon [_thread_blocked, id=30260, stack(0x000000d42d600000,0x000000d42d700000)]
  0x000001edbe827420 JavaThread "Attach Listener" daemon [_thread_blocked, id=19340, stack(0x000000d42d700000,0x000000d42d800000)]
  0x000001edbe829d00 JavaThread "Service Thread" daemon [_thread_blocked, id=26864, stack(0x000000d42d800000,0x000000d42d900000)]
  0x000001edbe82a5d0 JavaThread "Monitor Deflation Thread" daemon [_thread_blocked, id=28564, stack(0x000000d42d900000,0x000000d42da00000)]
  0x000001edbe82aea0 JavaThread "C1 CompilerThread0" daemon [_thread_blocked, id=24052, stack(0x000000d42da00000,0x000000d42db00000)]
  0x000001edbe82e700 JavaThread "Sweeper thread" daemon [_thread_blocked, id=21272, stack(0x000000d42db00000,0x000000d42dc00000)]
  0x000001edbeb67a50 JavaThread "Notification Thread" daemon [_thread_blocked, id=23232, stack(0x000000d42dc00000,0x000000d42dd00000)]
  0x000001edbeb72f40 JavaThread "Common-Cleaner" daemon [_thread_blocked, id=31016, stack(0x000000d42de00000,0x000000d42df00000)]
  0x000001edc3b650e0 JavaThread "boundedElastic-evictor-1" daemon [_thread_blocked, id=27892, stack(0x000000d42e600000,0x000000d42e700000)]
  0x000001edc40b2550 JavaThread "pool-11-thread-1" [_thread_blocked, id=30356, stack(0x000000d42e800000,0x000000d42e900000)]
  0x000001edc40b3240 JavaThread "LanguageServerApp-lifecycle" [_thread_blocked, id=17160, stack(0x000000d42cb00000,0x000000d42cc00000)]
  0x000001edb3a3fda0 JavaThread "DestroyJavaVM" [_thread_blocked, id=30428, stack(0x000000d42cd00000,0x000000d42ce00000)]
  0x000001edc3f450e0 JavaThread "pool-12-thread-1" [_thread_in_native, id=2260, stack(0x000000d42cc00000,0x000000d42cd00000)]
=>0x000001edc41b7c90 JavaThread "Simple-Language-Server main thread" daemon [_thread_in_vm, id=28900, stack(0x000000d42e900000,0x000000d42ea00000)]

Other Threads:
  0x000001edbe7dd7e0 VMThread "VM Thread" [stack: 0x000000d42d300000,0x000000d42d400000] [id=24236]
  0x000001edbeb6eaf0 WatcherThread [stack: 0x000000d42dd00000,0x000000d42de00000] [id=31492]
  0x000001edb3a7e7f0 GCTaskThread "GC Thread#0" [stack: 0x000000d42ce00000,0x000000d42cf00000] [id=24284]
  0x000001edc37d46d0 GCTaskThread "GC Thread#1" [stack: 0x000000d42df00000,0x000000d42e000000] [id=12088]
  0x000001edc31679d0 GCTaskThread "GC Thread#2" [stack: 0x000000d42e000000,0x000000d42e100000] [id=27816]
  0x000001edc3127a40 GCTaskThread "GC Thread#3" [stack: 0x000000d42e100000,0x000000d42e200000] [id=14280]
  0x000001edc3978cc0 GCTaskThread "GC Thread#4" [stack: 0x000000d42e200000,0x000000d42e300000] [id=27240]
  0x000001edc3a6c850 GCTaskThread "GC Thread#5" [stack: 0x000000d42e300000,0x000000d42e400000] [id=28160]
  0x000001edc3a6cf10 GCTaskThread "GC Thread#6" [stack: 0x000000d42e400000,0x000000d42e500000] [id=27688]
  0x000001edc3a75600 GCTaskThread "GC Thread#7" [stack: 0x000000d42e500000,0x000000d42e600000] [id=14468]
  0x000001edb3a87740 ConcurrentGCThread "G1 Main Marker" [stack: 0x000000d42cf00000,0x000000d42d000000] [id=28848]
  0x000001edb3a88150 ConcurrentGCThread "G1 Conc#0" [stack: 0x000000d42d000000,0x000000d42d100000] [id=21884]
  0x000001edc3c9ebe0 ConcurrentGCThread "G1 Conc#1" [stack: 0x000000d42e700000,0x000000d42e800000] [id=7068]
  0x000001edbe650490 ConcurrentGCThread "G1 Refine#0" [stack: 0x000000d42d100000,0x000000d42d200000] [id=27152]
  0x000001edbe650ec0 ConcurrentGCThread "G1 Service" [stack: 0x000000d42d200000,0x000000d42d300000] [id=10848]

Threads with active compile tasks:

VM state: not at safepoint (normal execution)

VM Mutex/Monitor currently owned by a thread:  ([mutex/lock_event])
[0x000001edb185aea0] Metaspace_lock - owner thread: 0x000001edc41b7c90

Heap address: 0x00000000c0000000, size: 1024 MB, Compressed Oops mode: 32-bit

CDS archive(s) not mapped
Compressed class space mapped at: 0x0000000100000000-0x0000000140000000, reserved size: 1073741824
Narrow klass base: 0x0000000000000000, Narrow klass shift: 3, Narrow klass range: 0x140000000

GC Precious Log:
 CPUs: 8 total, 8 available
 Memory: 6091M
 Large Page Support: Disabled
 NUMA Support: Disabled
 Compressed Oops: Enabled (32-bit)
 Heap Region Size: 1M
 Heap Min Capacity: 8M
 Heap Initial Capacity: 96M
 Heap Max Capacity: 1G
 Pre-touch: Disabled
 Parallel Workers: 8
 Concurrent Workers: 2
 Concurrent Refinement Workers: 8
 Periodic GC: Disabled

Heap:
 garbage-first heap   total 66560K, used 31152K [0x00000000c0000000, 0x0000000100000000)
  region size 1024K, 12 young (12288K), 2 survivors (2048K)
 Metaspace       used 37222K, committed 37568K, reserved 1114112K
  class space    used 4866K, committed 5056K, reserved 1048576K

Heap Regions: E=young(eden), S=young(survivor), O=old, HS=humongous(starts), HC=humongous(continues), CS=collection set, F=free, OA=open archive, CA=closed archive, TAMS=top-at-mark-start (previous, next)
|   0|0x00000000c0000000, 0x00000000c0100000, 0x00000000c0100000|100%| O|  |TAMS 0x00000000c0100000, 0x00000000c0000000| Untracked 
|   1|0x00000000c0100000, 0x00000000c0200000, 0x00000000c0200000|100%| O|  |TAMS 0x00000000c0200000, 0x00000000c0100000| Untracked 
|   2|0x00000000c0200000, 0x00000000c0300000, 0x00000000c0300000|100%| O|  |TAMS 0x00000000c0300000, 0x00000000c0200000| Untracked 
|   3|0x00000000c0300000, 0x00000000c0400000, 0x00000000c0400000|100%| O|  |TAMS 0x00000000c0400000, 0x00000000c0300000| Untracked 
|   4|0x00000000c0400000, 0x00000000c0500000, 0x00000000c0500000|100%| O|  |TAMS 0x00000000c0500000, 0x00000000c0400000| Untracked 
|   5|0x00000000c0500000, 0x00000000c0600000, 0x00000000c0600000|100%| O|  |TAMS 0x00000000c0600000, 0x00000000c0500000| Untracked 
|   6|0x00000000c0600000, 0x00000000c0700000, 0x00000000c0700000|100%| O|  |TAMS 0x00000000c0700000, 0x00000000c0600000| Untracked 
|   7|0x00000000c0700000, 0x00000000c0800000, 0x00000000c0800000|100%| O|  |TAMS 0x00000000c0800000, 0x00000000c0700000| Untracked 
|   8|0x00000000c0800000, 0x00000000c0900000, 0x00000000c0900000|100%| O|  |TAMS 0x00000000c0900000, 0x00000000c0800000| Untracked 
|   9|0x00000000c0900000, 0x00000000c094ee00, 0x00000000c0a00000| 30%| O|  |TAMS 0x00000000c094ee00, 0x00000000c0900000| Untracked 
|  10|0x00000000c0a00000, 0x00000000c0b00000, 0x00000000c0b00000|100%| O|  |TAMS 0x00000000c0b00000, 0x00000000c0a00000| Untracked 
|  11|0x00000000c0b00000, 0x00000000c0c00000, 0x00000000c0c00000|100%| O|  |TAMS 0x00000000c0c00000, 0x00000000c0b00000| Untracked 
|  12|0x00000000c0c00000, 0x00000000c0d00000, 0x00000000c0d00000|100%| O|  |TAMS 0x00000000c0d00000, 0x00000000c0c00000| Untracked 
|  13|0x00000000c0d00000, 0x00000000c0e00000, 0x00000000c0e00000|100%| O|  |TAMS 0x00000000c0e00000, 0x00000000c0d00000| Untracked 
|  14|0x00000000c0e00000, 0x00000000c0f00000, 0x00000000c0f00000|100%| O|  |TAMS 0x00000000c0f00000, 0x00000000c0e00000| Untracked 
|  15|0x00000000c0f00000, 0x00000000c1000000, 0x00000000c1000000|100%| O|  |TAMS 0x00000000c1000000, 0x00000000c0f00000| Untracked 
|  16|0x00000000c1000000, 0x00000000c1100000, 0x00000000c1100000|100%| O|  |TAMS 0x00000000c1100000, 0x00000000c1000000| Untracked 
|  17|0x00000000c1100000, 0x00000000c1200000, 0x00000000c1200000|100%| O|  |TAMS 0x00000000c1200000, 0x00000000c1100000| Untracked 
|  18|0x00000000c1200000, 0x00000000c1300000, 0x00000000c1300000|100%| O|  |TAMS 0x00000000c1300000, 0x00000000c1200000| Untracked 
|  19|0x00000000c1300000, 0x00000000c1400000, 0x00000000c1400000|100%| O|  |TAMS 0x00000000c1400000, 0x00000000c1300000| Untracked 
|  20|0x00000000c1400000, 0x00000000c147bc00, 0x00000000c1500000| 48%| O|  |TAMS 0x00000000c147bc00, 0x00000000c1400000| Untracked 
|  21|0x00000000c1500000, 0x00000000c1500000, 0x00000000c1600000|  0%| F|  |TAMS 0x00000000c1500000, 0x00000000c1500000| Untracked 
|  22|0x00000000c1600000, 0x00000000c1600000, 0x00000000c1700000|  0%| F|  |TAMS 0x00000000c1600000, 0x00000000c1600000| Untracked 
|  23|0x00000000c1700000, 0x00000000c1700000, 0x00000000c1800000|  0%| F|  |TAMS 0x00000000c1700000, 0x00000000c1700000| Untracked 
|  24|0x00000000c1800000, 0x00000000c1800000, 0x00000000c1900000|  0%| F|  |TAMS 0x00000000c1800000, 0x00000000c1800000| Untracked 
|  25|0x00000000c1900000, 0x00000000c1900000, 0x00000000c1a00000|  0%| F|  |TAMS 0x00000000c1900000, 0x00000000c1900000| Untracked 
|  26|0x00000000c1a00000, 0x00000000c1a00000, 0x00000000c1b00000|  0%| F|  |TAMS 0x00000000c1a00000, 0x00000000c1a00000| Untracked 
|  27|0x00000000c1b00000, 0x00000000c1b00000, 0x00000000c1c00000|  0%| F|  |TAMS 0x00000000c1b00000, 0x00000000c1b00000| Untracked 
|  28|0x00000000c1c00000, 0x00000000c1c00000, 0x00000000c1d00000|  0%| F|  |TAMS 0x00000000c1c00000, 0x00000000c1c00000| Untracked 
|  29|0x00000000c1d00000, 0x00000000c1d00000, 0x00000000c1e00000|  0%| F|  |TAMS 0x00000000c1d00000, 0x00000000c1d00000| Untracked 
|  30|0x00000000c1e00000, 0x00000000c1e00000, 0x00000000c1f00000|  0%| F|  |TAMS 0x00000000c1e00000, 0x00000000c1e00000| Untracked 
|  31|0x00000000c1f00000, 0x00000000c1f00000, 0x00000000c2000000|  0%| F|  |TAMS 0x00000000c1f00000, 0x00000000c1f00000| Untracked 
|  32|0x00000000c2000000, 0x00000000c2000000, 0x00000000c2100000|  0%| F|  |TAMS 0x00000000c2000000, 0x00000000c2000000| Untracked 
|  33|0x00000000c2100000, 0x00000000c2100000, 0x00000000c2200000|  0%| F|  |TAMS 0x00000000c2100000, 0x00000000c2100000| Untracked 
|  34|0x00000000c2200000, 0x00000000c2200000, 0x00000000c2300000|  0%| F|  |TAMS 0x00000000c2200000, 0x00000000c2200000| Untracked 
|  35|0x00000000c2300000, 0x00000000c2300000, 0x00000000c2400000|  0%| F|  |TAMS 0x00000000c2300000, 0x00000000c2300000| Untracked 
|  36|0x00000000c2400000, 0x00000000c2400000, 0x00000000c2500000|  0%| F|  |TAMS 0x00000000c2400000, 0x00000000c2400000| Untracked 
|  37|0x00000000c2500000, 0x00000000c2500000, 0x00000000c2600000|  0%| F|  |TAMS 0x00000000c2500000, 0x00000000c2500000| Untracked 
|  38|0x00000000c2600000, 0x00000000c2600000, 0x00000000c2700000|  0%| F|  |TAMS 0x00000000c2600000, 0x00000000c2600000| Untracked 
|  39|0x00000000c2700000, 0x00000000c2700000, 0x00000000c2800000|  0%| F|  |TAMS 0x00000000c2700000, 0x00000000c2700000| Untracked 
|  40|0x00000000c2800000, 0x00000000c2800000, 0x00000000c2900000|  0%| F|  |TAMS 0x00000000c2800000, 0x00000000c2800000| Untracked 
|  41|0x00000000c2900000, 0x00000000c2900000, 0x00000000c2a00000|  0%| F|  |TAMS 0x00000000c2900000, 0x00000000c2900000| Untracked 
|  42|0x00000000c2a00000, 0x00000000c2a00000, 0x00000000c2b00000|  0%| F|  |TAMS 0x00000000c2a00000, 0x00000000c2a00000| Untracked 
|  43|0x00000000c2b00000, 0x00000000c2b00000, 0x00000000c2c00000|  0%| F|  |TAMS 0x00000000c2b00000, 0x00000000c2b00000| Untracked 
|  44|0x00000000c2c00000, 0x00000000c2c00000, 0x00000000c2d00000|  0%| F|  |TAMS 0x00000000c2c00000, 0x00000000c2c00000| Untracked 
|  45|0x00000000c2d00000, 0x00000000c2d00000, 0x00000000c2e00000|  0%| F|  |TAMS 0x00000000c2d00000, 0x00000000c2d00000| Untracked 
|  46|0x00000000c2e00000, 0x00000000c2e00000, 0x00000000c2f00000|  0%| F|  |TAMS 0x00000000c2e00000, 0x00000000c2e00000| Untracked 
|  47|0x00000000c2f00000, 0x00000000c2f00000, 0x00000000c3000000|  0%| F|  |TAMS 0x00000000c2f00000, 0x00000000c2f00000| Untracked 
|  48|0x00000000c3000000, 0x00000000c3000000, 0x00000000c3100000|  0%| F|  |TAMS 0x00000000c3000000, 0x00000000c3000000| Untracked 
|  49|0x00000000c3100000, 0x00000000c3100000, 0x00000000c3200000|  0%| F|  |TAMS 0x00000000c3100000, 0x00000000c3100000| Untracked 
|  50|0x00000000c3200000, 0x00000000c3200000, 0x00000000c3300000|  0%| F|  |TAMS 0x00000000c3200000, 0x00000000c3200000| Untracked 
|  51|0x00000000c3300000, 0x00000000c3300000, 0x00000000c3400000|  0%| F|  |TAMS 0x00000000c3300000, 0x00000000c3300000| Untracked 
|  52|0x00000000c3400000, 0x00000000c3400000, 0x00000000c3500000|  0%| F|  |TAMS 0x00000000c3400000, 0x00000000c3400000| Untracked 
|  53|0x00000000c3500000, 0x00000000c3600000, 0x00000000c3600000|100%| E|  |TAMS 0x00000000c3500000, 0x00000000c3500000| Complete 
|  54|0x00000000c3600000, 0x00000000c3700000, 0x00000000c3700000|100%| E|CS|TAMS 0x00000000c3600000, 0x00000000c3600000| Complete 
|  55|0x00000000c3700000, 0x00000000c3800000, 0x00000000c3800000|100%| E|CS|TAMS 0x00000000c3700000, 0x00000000c3700000| Complete 
|  56|0x00000000c3800000, 0x00000000c3900000, 0x00000000c3900000|100%| E|CS|TAMS 0x00000000c3800000, 0x00000000c3800000| Complete 
|  57|0x00000000c3900000, 0x00000000c3a00000, 0x00000000c3a00000|100%| E|CS|TAMS 0x00000000c3900000, 0x00000000c3900000| Complete 
|  58|0x00000000c3a00000, 0x00000000c3b00000, 0x00000000c3b00000|100%| E|CS|TAMS 0x00000000c3a00000, 0x00000000c3a00000| Complete 
|  65|0x00000000c4100000, 0x00000000c4200000, 0x00000000c4200000|100%| E|CS|TAMS 0x00000000c4100000, 0x00000000c4100000| Complete 
|  69|0x00000000c4500000, 0x00000000c4600000, 0x00000000c4600000|100%| E|CS|TAMS 0x00000000c4500000, 0x00000000c4500000| Complete 
|  70|0x00000000c4600000, 0x00000000c4700000, 0x00000000c4700000|100%| E|CS|TAMS 0x00000000c4600000, 0x00000000c4600000| Complete 
|  71|0x00000000c4700000, 0x00000000c47a1900, 0x00000000c4800000| 63%| S|CS|TAMS 0x00000000c4700000, 0x00000000c4700000| Complete 
|  72|0x00000000c4800000, 0x00000000c4900000, 0x00000000c4900000|100%| S|CS|TAMS 0x00000000c4800000, 0x00000000c4800000| Complete 
|  95|0x00000000c5f00000, 0x00000000c6000000, 0x00000000c6000000|100%| E|CS|TAMS 0x00000000c5f00000, 0x00000000c5f00000| Complete 

Card table byte_map: [0x000001edb99c0000,0x000001edb9bc0000] _byte_map_base: 0x000001edb93c0000

Marking Bits (Prev, Next): (CMBitMap*) 0x000001edb3a7ee10, (CMBitMap*) 0x000001edb3a7ee50
 Prev Bits: [0x000001edb9dc0000, 0x000001edbadc0000)
 Next Bits: [0x000001edbadc0000, 0x000001edbbdc0000)

Polling page: 0x000001edb19c0000

Metaspace:

Usage:
  Non-class:     31.60 MB used.
      Class:      4.75 MB used.
       Both:     36.35 MB used.

Virtual space:
  Non-class space:       64.00 MB reserved,      31.75 MB ( 50%) committed,  1 nodes.
      Class space:        1.00 GB reserved,       4.94 MB ( <1%) committed,  1 nodes.
             Both:        1.06 GB reserved,      36.69 MB (  3%) committed. 

Chunk freelists:
   Non-Class:  15.44 MB
       Class:  11.10 MB
        Both:  26.53 MB

MaxMetaspaceSize: unlimited
CompressedClassSpaceSize: 1.00 GB
Initial GC threshold: 21.00 MB
Current GC threshold: 58.69 MB
CDS: off
MetaspaceReclaimPolicy: balanced
 - commit_granule_bytes: 65536.
 - commit_granule_words: 8192.
 - virtual_space_node_default_size: 8388608.
 - enlarge_chunks_in_place: 1.
 - new_chunks_are_fully_committed: 0.
 - uncommit_free_chunks: 1.
 - use_allocation_guard: 0.
 - handle_deallocations: 1.


Internal statistics:

num_allocs_failed_limit: 8.
num_arena_births: 446.
num_arena_deaths: 0.
num_vsnodes_births: 2.
num_vsnodes_deaths: 0.
num_space_committed: 587.
num_space_uncommitted: 0.
num_chunks_returned_to_freelist: 8.
num_chunks_taken_from_freelist: 1545.
num_chunk_merges: 5.
num_chunk_splits: 1054.
num_chunks_enlarged: 796.
num_inconsistent_stats: 0.

CodeCache: size=49152Kb used=6456Kb max_used=6456Kb free=42695Kb
 bounds [0x000001edb66b0000, 0x000001edb6d00000, 0x000001edb96b0000]
 total_blobs=3959 nmethods=3422 adapters=463
 compilation: enabled
              stopped_count=0, restarted_count=0
 full_count=0

Compilation events (20 events):
Event: 52.287 Thread 0x000001edbe82aea0 nmethod 3415 0x000001edb6cfa210 code [0x000001edb6cfa3a0, 0x000001edb6cfa488]
Event: 52.287 Thread 0x000001edbe82aea0 3416       1       java.util.regex.Pattern::unread (11 bytes)
Event: 52.287 Thread 0x000001edbe82aea0 nmethod 3416 0x000001edb6cfa510 code [0x000001edb6cfa6a0, 0x000001edb6cfa778]
Event: 52.287 Thread 0x000001edbe82aea0 3417       1       com.google.gson.stream.JsonWriter::writeDeferredName (25 bytes)
Event: 52.287 Thread 0x000001edbe82aea0 nmethod 3417 0x000001edb6cfa810 code [0x000001edb6cfa9c0, 0x000001edb6cfab18]
Event: 52.287 Thread 0x000001edbe82aea0 3418       1       com.google.gson.stream.JsonWriter::beforeValue (134 bytes)
Event: 52.288 Thread 0x000001edbe82aea0 nmethod 3418 0x000001edb6cfac10 code [0x000001edb6cfae20, 0x000001edb6cfb288]
Event: 52.325 Thread 0x000001edbe82aea0 3419       1       java.util.regex.Pattern::nextEscaped (19 bytes)
Event: 52.325 Thread 0x000001edbe82aea0 nmethod 3419 0x000001edb6cfb490 code [0x000001edb6cfb620, 0x000001edb6cfb718]
Event: 52.325 Thread 0x000001edbe82aea0 3420       1       java.util.Collections$UnmodifiableCollection::contains (11 bytes)
Event: 52.325 Thread 0x000001edbe82aea0 nmethod 3420 0x000001edb6cfb810 code [0x000001edb6cfb9a0, 0x000001edb6cfba88]
Event: 52.326 Thread 0x000001edbe82aea0 3421       1       com.google.gson.stream.JsonWriter::replaceTop (13 bytes)
Event: 52.327 Thread 0x000001edbe82aea0 nmethod 3421 0x000001edb6cfbb10 code [0x000001edb6cfbca0, 0x000001edb6cfbd98]
Event: 52.327 Thread 0x000001edbe82aea0 3422       1       com.google.gson.stream.JsonWriter::string (169 bytes)
Event: 52.335 Thread 0x000001edbe82aea0 nmethod 3422 0x000001edb6cfbe90 code [0x000001edb6cfc0a0, 0x000001edb6cfc588]
Event: 52.335 Thread 0x000001edbe82aea0 3427       1       java.lang.invoke.LambdaFormEditor$TransformKey::of (79 bytes)
Event: 52.336 Thread 0x000001edbe82aea0 nmethod 3427 0x000001edb6cfc990 code [0x000001edb6cfcb40, 0x000001edb6cfce88]
Event: 52.336 Thread 0x000001edbe82aea0 3425       1       java.lang.invoke.LambdaFormEditor$TransformKey::packedBytes (75 bytes)
Event: 52.336 Thread 0x000001edbe82aea0 nmethod 3425 0x000001edb6cfd010 code [0x000001edb6cfd1c0, 0x000001edb6cfd3b8]
Event: 52.336 Thread 0x000001edbe82aea0 3423       1       java.lang.reflect.Field::get (29 bytes)

GC Heap History (16 events):
Event: 30.982 GC heap before
{Heap before GC invocations=0 (full 0):
 garbage-first heap   total 98304K, used 22528K [0x00000000c0000000, 0x0000000100000000)
  region size 1024K, 23 young (23552K), 0 survivors (0K)
 Metaspace       used 8988K, committed 9088K, reserved 1114112K
  class space    used 1055K, committed 1088K, reserved 1048576K
}
Event: 31.003 GC heap after
{Heap after GC invocations=1 (full 0):
 garbage-first heap   total 98304K, used 9856K [0x00000000c0000000, 0x0000000100000000)
  region size 1024K, 3 young (3072K), 3 survivors (3072K)
 Metaspace       used 8988K, committed 9088K, reserved 1114112K
  class space    used 1055K, committed 1088K, reserved 1048576K
}
Event: 32.483 GC heap before
{Heap before GC invocations=1 (full 0):
 garbage-first heap   total 98304K, used 33408K [0x00000000c0000000, 0x0000000100000000)
  region size 1024K, 27 young (27648K), 3 survivors (3072K)
 Metaspace       used 16063K, committed 16192K, reserved 1114112K
  class space    used 1999K, committed 2048K, reserved 1048576K
}
Event: 32.496 GC heap after
{Heap after GC invocations=2 (full 0):
 garbage-first heap   total 98304K, used 12319K [0x00000000c0000000, 0x0000000100000000)
  region size 1024K, 3 young (3072K), 3 survivors (3072K)
 Metaspace       used 16063K, committed 16192K, reserved 1114112K
  class space    used 1999K, committed 2048K, reserved 1048576K
}
Event: 33.116 GC heap before
{Heap before GC invocations=2 (full 0):
 garbage-first heap   total 98304K, used 33823K [0x00000000c0000000, 0x0000000100000000)
  region size 1024K, 26 young (26624K), 3 survivors (3072K)
 Metaspace       used 21350K, committed 21504K, reserved 1114112K
  class space    used 2617K, committed 2688K, reserved 1048576K
}
Event: 33.139 GC heap after
{Heap after GC invocations=3 (full 0):
 garbage-first heap   total 98304K, used 14071K [0x00000000c0000000, 0x0000000100000000)
  region size 1024K, 5 young (5120K), 5 survivors (5120K)
 Metaspace       used 21350K, committed 21504K, reserved 1114112K
  class space    used 2617K, committed 2688K, reserved 1048576K
}
Event: 34.033 GC heap before
{Heap before GC invocations=4 (full 0):
 garbage-first heap   total 55296K, used 39671K [0x00000000c0000000, 0x0000000100000000)
  region size 1024K, 32 young (32768K), 5 survivors (5120K)
 Metaspace       used 27131K, committed 27392K, reserved 1114112K
  class space    used 3386K, committed 3520K, reserved 1048576K
}
Event: 34.046 GC heap after
{Heap after GC invocations=5 (full 0):
 garbage-first heap   total 55296K, used 16286K [0x00000000c0000000, 0x0000000100000000)
  region size 1024K, 4 young (4096K), 4 survivors (4096K)
 Metaspace       used 27131K, committed 27392K, reserved 1114112K
  class space    used 3386K, committed 3520K, reserved 1048576K
}
Event: 36.242 GC heap before
{Heap before GC invocations=5 (full 0):
 garbage-first heap   total 55296K, used 35742K [0x00000000c0000000, 0x0000000100000000)
  region size 1024K, 23 young (23552K), 4 survivors (4096K)
 Metaspace       used 29496K, committed 29824K, reserved 1114112K
  class space    used 3699K, committed 3840K, reserved 1048576K
}
Event: 36.256 GC heap after
{Heap after GC invocations=6 (full 0):
 garbage-first heap   total 55296K, used 18070K [0x00000000c0000000, 0x0000000100000000)
  region size 1024K, 2 young (2048K), 2 survivors (2048K)
 Metaspace       used 29496K, committed 29824K, reserved 1114112K
  class space    used 3699K, committed 3840K, reserved 1048576K
}
Event: 40.403 GC heap before
{Heap before GC invocations=6 (full 0):
 garbage-first heap   total 55296K, used 36502K [0x00000000c0000000, 0x0000000100000000)
  region size 1024K, 21 young (21504K), 2 survivors (2048K)
 Metaspace       used 32376K, committed 32768K, reserved 1114112K
  class space    used 4119K, committed 4288K, reserved 1048576K
}
Event: 40.653 GC heap after
{Heap after GC invocations=7 (full 0):
 garbage-first heap   total 55296K, used 20322K [0x00000000c0000000, 0x0000000100000000)
  region size 1024K, 3 young (3072K), 3 survivors (3072K)
 Metaspace       used 32376K, committed 32768K, reserved 1114112K
  class space    used 4119K, committed 4288K, reserved 1048576K
}
Event: 49.507 GC heap before
{Heap before GC invocations=7 (full 0):
 garbage-first heap   total 55296K, used 36706K [0x00000000c0000000, 0x0000000100000000)
  region size 1024K, 20 young (20480K), 3 survivors (3072K)
 Metaspace       used 35560K, committed 35904K, reserved 1114112K
  class space    used 4603K, committed 4736K, reserved 1048576K
}
Event: 49.730 GC heap after
{Heap after GC invocations=8 (full 0):
 garbage-first heap   total 55296K, used 21928K [0x00000000c0000000, 0x0000000100000000)
  region size 1024K, 2 young (2048K), 2 survivors (2048K)
 Metaspace       used 35560K, committed 35904K, reserved 1114112K
  class space    used 4603K, committed 4736K, reserved 1048576K
}
Event: 49.796 GC heap before
{Heap before GC invocations=8 (full 0):
 garbage-first heap   total 55296K, used 21928K [0x00000000c0000000, 0x0000000100000000)
  region size 1024K, 3 young (3072K), 2 survivors (2048K)
 Metaspace       used 35655K, committed 35968K, reserved 1114112K
  class space    used 4618K, committed 4736K, reserved 1048576K
}
Event: 49.800 GC heap after
{Heap after GC invocations=9 (full 0):
 garbage-first heap   total 66560K, used 21936K [0x00000000c0000000, 0x0000000100000000)
  region size 1024K, 2 young (2048K), 2 survivors (2048K)
 Metaspace       used 35655K, committed 35968K, reserved 1114112K
  class space    used 4618K, committed 4736K, reserved 1048576K
}

Dll operation events (8 events):
Event: 3.072 Loaded shared library c:\Users\asus\.vscode\extensions\redhat.java-1.22.1-win32-x64\jre\17.0.8.1-win32-x86_64\bin\java.dll
Event: 8.857 Loaded shared library C:\Users\asus\.vscode\extensions\redhat.java-1.22.1-win32-x64\jre\17.0.8.1-win32-x86_64\bin\net.dll
Event: 10.588 Loaded shared library C:\Users\asus\.vscode\extensions\redhat.java-1.22.1-win32-x64\jre\17.0.8.1-win32-x86_64\bin\nio.dll
Event: 13.127 Loaded shared library C:\Users\asus\.vscode\extensions\redhat.java-1.22.1-win32-x64\jre\17.0.8.1-win32-x86_64\bin\zip.dll
Event: 29.256 Loaded shared library C:\Users\asus\.vscode\extensions\redhat.java-1.22.1-win32-x64\jre\17.0.8.1-win32-x86_64\bin\jimage.dll
Event: 42.986 Loaded shared library c:\Users\asus\.vscode\extensions\redhat.java-1.22.1-win32-x64\jre\17.0.8.1-win32-x86_64\bin\verify.dll
Event: 50.146 Loaded shared library C:\Users\asus\.vscode\extensions\redhat.java-1.22.1-win32-x64\jre\17.0.8.1-win32-x86_64\bin\management.dll
Event: 50.744 Loaded shared library C:\Users\asus\.vscode\extensions\redhat.java-1.22.1-win32-x64\jre\17.0.8.1-win32-x86_64\bin\management_ext.dll

Deoptimization events (4 events):
Event: 33.576 Thread 0x000001edb3a3fda0 DEOPT PACKING pc=0x000001edb6aefb99 sp=0x000000d42cdfd210
Event: 33.576 Thread 0x000001edb3a3fda0 DEOPT UNPACKING pc=0x000001edb6707143 sp=0x000000d42cdfc6f0 mode 3
Event: 52.317 Thread 0x000001edc41b7c90 DEOPT PACKING pc=0x000001edb6cf90b5 sp=0x000000d42e9fd510
Event: 52.323 Thread 0x000001edc41b7c90 DEOPT UNPACKING pc=0x000001edb6707143 sp=0x000000d42e9fca38 mode 3

Classes unloaded (0 events):
No events

Classes redefined (0 events):
No events

Internal exceptions (20 events):
Event: 36.061 Thread 0x000001edb3a3fda0 Exception <a 'java/lang/NoSuchMethodError'{0x00000000c2642b10}: 'int java.lang.invoke.DirectMethodHandle$Holder.invokeSpecial(java.lang.Object, java.lang.Object, int)'> (0x00000000c2642b10) 
thrown [s\src\hotspot\share\interpreter\linkResolver.cpp, line 759]
Event: 36.062 Thread 0x000001edb3a3fda0 Exception <a 'java/lang/NoSuchMethodError'{0x00000000c264a568}: 'int java.lang.invoke.Invokers$Holder.linkToTargetMethod(java.lang.Object, java.lang.Object)'> (0x00000000c264a568) 
thrown [s\src\hotspot\share\interpreter\linkResolver.cpp, line 759]
Event: 36.092 Thread 0x000001edb3a3fda0 Exception <a 'java/lang/NoSuchMethodError'{0x00000000c251d1a0}: 'java.lang.Object java.lang.invoke.DirectMethodHandle$Holder.invokeSpecial(java.lang.Object, java.lang.Object, java.lang.Object, java.lang.Object, java.lang.Object, java.lang.Object, java.lang.Object, java.lang.Object, java.lang.Object, java.lang.Object)'> (0x00000000c251d1a0) 
thrown [s\src\hotspot\share\interpreter\linkResolver.cpp, line 759]
Event: 36.092 Thread 0x000001edb3a3fda0 Exception <a 'java/lang/NoSuchMethodError'{0x00000000c2521788}: 'java.lang.Object java.lang.invoke.Invokers$Holder.invoke_MT(java.lang.Object, java.lang.Object, java.lang.Object, java.lang.Object, java.lang.Object, java.lang.Object, java.lang.Object, java.lang.Object, java.lang.Object, java.lang.Object)'> (0x00000000c2521788) 
thrown [s\src\hotspot\share\interpreter\linkResolver.cpp, line 759]
Event: 36.101 Thread 0x000001edb3a3fda0 Exception <a 'java/lang/NoSuchMethodError'{0x00000000c2565ed8}: 'java.lang.Object java.lang.invoke.DirectMethodHandle$Holder.invokeSpecial(java.lang.Object, java.lang.Object, int, java.lang.Object, java.lang.Object)'> (0x00000000c2565ed8) 
thrown [s\src\hotspot\share\interpreter\linkResolver.cpp, line 759]
Event: 36.102 Thread 0x000001edb3a3fda0 Exception <a 'java/lang/NoSuchMethodError'{0x00000000c2569b80}: 'java.lang.Object java.lang.invoke.DelegatingMethodHandle$Holder.delegate(java.lang.Object, int, java.lang.Object, java.lang.Object)'> (0x00000000c2569b80) 
thrown [s\src\hotspot\share\interpreter\linkResolver.cpp, line 759]
Event: 36.104 Thread 0x000001edb3a3fda0 Exception <a 'java/lang/NoSuchMethodError'{0x00000000c257aa08}: 'int java.lang.invoke.Invokers$Holder.linkToTargetMethod(java.lang.Object, java.lang.Object, java.lang.Object)'> (0x00000000c257aa08) 
thrown [s\src\hotspot\share\interpreter\linkResolver.cpp, line 759]
Event: 36.242 Thread 0x000001edb3a3fda0 Exception <a 'java/lang/NoSuchMethodError'{0x00000000c23f91b8}: 'void java.lang.invoke.DirectMethodHandle$Holder.invokeSpecial(java.lang.Object, java.lang.Object, java.lang.Object, java.lang.Object, java.lang.Object, java.lang.Object)'> (0x00000000c23f91b8) 
thrown [s\src\hotspot\share\interpreter\linkResolver.cpp, line 759]
Event: 36.336 Thread 0x000001edb3a3fda0 Exception <a 'java/lang/NoSuchMethodError'{0x00000000c48999a0}: 'java.lang.Object java.lang.invoke.DirectMethodHandle$Holder.invokeStaticInit(java.lang.Object, int, int, int, int)'> (0x00000000c48999a0) 
thrown [s\src\hotspot\share\interpreter\linkResolver.cpp, line 759]
Event: 36.603 Thread 0x000001edb3a3fda0 Exception <a 'java/lang/NoSuchMethodError'{0x00000000c4779718}: 'java.lang.Object java.lang.invoke.DirectMethodHandle$Holder.invokeStaticInit(java.lang.Object, java.lang.Object, int, int, int, int)'> (0x00000000c4779718) 
thrown [s\src\hotspot\share\interpreter\linkResolver.cpp, line 759]
Event: 37.142 Thread 0x000001edb3a3fda0 Exception <a 'java/lang/NoSuchMethodError'{0x00000000c2cf41b0}: 'void java.lang.invoke.DirectMethodHandle$Holder.invokeSpecialIFC(java.lang.Object, java.lang.Object, java.lang.Object)'> (0x00000000c2cf41b0) 
thrown [s\src\hotspot\share\interpreter\linkResolver.cpp, line 759]
Event: 45.544 Thread 0x000001edb3a3fda0 Exception <a 'java/lang/NoSuchMethodError'{0x00000000c2d15918}: 'void java.lang.invoke.DirectMethodHandle$Holder.invokeSpecial(java.lang.Object, java.lang.Object, java.lang.Object, java.lang.Object, java.lang.Object, java.lang.Object, java.lang.Object)'> (0x00000000c2d15918) 
thrown [s\src\hotspot\share\interpreter\linkResolver.cpp, line 759]
Event: 45.544 Thread 0x000001edb3a3fda0 Exception <a 'java/lang/NoSuchMethodError'{0x00000000c2d20138}: 'java.lang.Object java.lang.invoke.DirectMethodHandle$Holder.newInvokeSpecial(java.lang.Object, java.lang.Object, java.lang.Object, java.lang.Object, java.lang.Object, java.lang.Object)'> (0x00000000c2d20138) 
thrown [s\src\hotspot\share\interpreter\linkResolver.cpp, line 759]
Event: 47.220 Thread 0x000001edb3a3fda0 Exception <a 'java/lang/NoSuchMethodError'{0x00000000c2905240}: 'java.lang.Object java.lang.invoke.DirectMethodHandle$Holder.invokeInterface(java.lang.Object, java.lang.Object, int)'> (0x00000000c2905240) 
thrown [s\src\hotspot\share\interpreter\linkResolver.cpp, line 759]
Event: 47.249 Thread 0x000001edb3a3fda0 Exception <a 'java/lang/IncompatibleClassChangeError'{0x00000000c29182c8}: Found class java.lang.Object, but interface was expected> (0x00000000c29182c8) 
thrown [s\src\hotspot\share\interpreter\linkResolver.cpp, line 826]
Event: 49.748 Thread 0x000001edb3a3fda0 Exception <a 'java/lang/NoSuchMethodError'{0x00000000c5f225a0}: 'java.lang.Object java.lang.invoke.DirectMethodHandle$Holder.newInvokeSpecial(java.lang.Object, java.lang.Object, int, java.lang.Object, java.lang.Object)'> (0x00000000c5f225a0) 
thrown [s\src\hotspot\share\interpreter\linkResolver.cpp, line 759]
Event: 49.752 Thread 0x000001edb3a3fda0 Exception <a 'java/lang/NoSuchMethodError'{0x00000000c5f348d8}: 'java.lang.Object java.lang.invoke.DirectMethodHandle$Holder.invokeSpecial(java.lang.Object, java.lang.Object, int, java.lang.Object, int, java.lang.Object)'> (0x00000000c5f348d8) 
thrown [s\src\hotspot\share\interpreter\linkResolver.cpp, line 759]
Event: 49.752 Thread 0x000001edb3a3fda0 Exception <a 'java/lang/NoSuchMethodError'{0x00000000c5f3c6e0}: 'java.lang.Object java.lang.invoke.DirectMethodHandle$Holder.newInvokeSpecial(java.lang.Object, java.lang.Object, int, java.lang.Object, int)'> (0x00000000c5f3c6e0) 
thrown [s\src\hotspot\share\interpreter\linkResolver.cpp, line 759]
Event: 49.753 Thread 0x000001edb3a3fda0 Exception <a 'java/lang/NoSuchMethodError'{0x00000000c5f407e0}: 'java.lang.Object java.lang.invoke.DirectMethodHandle$Holder.invokeSpecial(java.lang.Object, java.lang.Object, java.lang.Object, int, java.lang.Object, int)'> (0x00000000c5f407e0) 
thrown [s\src\hotspot\share\interpreter\linkResolver.cpp, line 759]
Event: 52.267 Thread 0x000001edc41b7c90 Exception <a 'java/lang/NoSuchMethodError'{0x00000000c35a3158}: 'java.lang.Object java.lang.invoke.DirectMethodHandle$Holder.invokeStatic(java.lang.Object, int, java.lang.Object)'> (0x00000000c35a3158) 
thrown [s\src\hotspot\share\interpreter\linkResolver.cpp, line 759]

VM Operations (20 events):
Event: 48.072 Executing VM operation: Cleanup
Event: 48.072 Executing VM operation: Cleanup done
Event: 48.453 Executing VM operation: HandshakeAllThreads
Event: 48.477 Executing VM operation: HandshakeAllThreads done
Event: 49.289 Executing VM operation: HandshakeAllThreads
Event: 49.289 Executing VM operation: HandshakeAllThreads done
Event: 49.289 Executing VM operation: Cleanup
Event: 49.289 Executing VM operation: Cleanup done
Event: 49.301 Executing VM operation: HandshakeAllThreads
Event: 49.301 Executing VM operation: HandshakeAllThreads done
Event: 49.460 Executing VM operation: G1CollectForAllocation
Event: 49.735 Executing VM operation: G1CollectForAllocation done
Event: 49.795 Executing VM operation: CollectForMetadataAllocation
Event: 49.800 Executing VM operation: CollectForMetadataAllocation done
Event: 49.820 Executing VM operation: G1PauseRemark
Event: 49.826 Executing VM operation: G1PauseRemark done
Event: 49.837 Executing VM operation: G1PauseCleanup
Event: 49.837 Executing VM operation: G1PauseCleanup done
Event: 51.838 Executing VM operation: Cleanup
Event: 51.838 Executing VM operation: Cleanup done

Events (20 events):
Event: 50.816 loading class sun/management/RuntimeImpl done
Event: 50.853 Thread 0x000001edc40b3240 Thread added: 0x000001edc40b3240
Event: 50.863 Thread 0x000001edb3a3fda0 Thread exited: 0x000001edb3a3fda0
Event: 50.867 Thread 0x000001edb3a3fda0 Thread added: 0x000001edb3a3fda0
Event: 51.149 Thread 0x000001edc3f450e0 Thread added: 0x000001edc3f450e0
Event: 51.217 loading class jdk/internal/reflect/UnsafeQualifiedIntegerFieldAccessorImpl
Event: 51.232 loading class jdk/internal/reflect/UnsafeQualifiedFieldAccessorImpl
Event: 51.232 loading class jdk/internal/reflect/UnsafeQualifiedFieldAccessorImpl done
Event: 51.232 loading class jdk/internal/reflect/UnsafeQualifiedIntegerFieldAccessorImpl done
Event: 51.328 loading class jdk/internal/reflect/UnsafeBooleanFieldAccessorImpl
Event: 51.334 loading class jdk/internal/reflect/UnsafeBooleanFieldAccessorImpl done
Event: 52.255 Thread 0x000001edc41b7c90 Thread added: 0x000001edc41b7c90
Event: 52.270 loading class jdk/internal/reflect/UnsafeIntegerFieldAccessorImpl
Event: 52.278 loading class jdk/internal/reflect/UnsafeIntegerFieldAccessorImpl done
Event: 52.279 loading class java/util/stream/Streams$ConcatSpliterator$OfRef
Event: 52.285 loading class java/util/stream/Streams$ConcatSpliterator
Event: 52.286 loading class java/util/stream/Streams$ConcatSpliterator done
Event: 52.286 loading class java/util/stream/Streams$ConcatSpliterator$OfRef done
Event: 52.286 loading class java/util/stream/Streams$2
Event: 52.286 loading class java/util/stream/Streams$2 done


Dynamic libraries:
0x00007ff702a40000 - 0x00007ff702a4e000 	c:\Users\asus\.vscode\extensions\redhat.java-1.22.1-win32-x64\jre\17.0.8.1-win32-x86_64\bin\java.exe
0x00007ff972310000 - 0x00007ff972524000 	C:\WINDOWS\SYSTEM32\ntdll.dll
0x00007ff971740000 - 0x00007ff971802000 	C:\WINDOWS\System32\KERNEL32.DLL
0x00007ff96f960000 - 0x00007ff96fcfc000 	C:\WINDOWS\System32\KERNELBASE.dll
0x00007ff96f7c0000 - 0x00007ff96f8d1000 	C:\WINDOWS\System32\ucrtbase.dll
0x00007ff910bd0000 - 0x00007ff910be7000 	c:\Users\asus\.vscode\extensions\redhat.java-1.22.1-win32-x64\jre\17.0.8.1-win32-x86_64\bin\jli.dll
0x00007ff910bf0000 - 0x00007ff910c09000 	c:\Users\asus\.vscode\extensions\redhat.java-1.22.1-win32-x64\jre\17.0.8.1-win32-x86_64\bin\VCRUNTIME140.dll
0x00007ff9703e0000 - 0x00007ff97058b000 	C:\WINDOWS\System32\USER32.dll
0x00007ff96fd00000 - 0x00007ff96fd26000 	C:\WINDOWS\System32\win32u.dll
0x00007ff970220000 - 0x00007ff970249000 	C:\WINDOWS\System32\GDI32.dll
0x00007ff96fd30000 - 0x00007ff96fe42000 	C:\WINDOWS\System32\gdi32full.dll
0x00007ff96fe50000 - 0x00007ff96feea000 	C:\WINDOWS\System32\msvcp_win.dll
0x00007ff96ea40000 - 0x00007ff96ecce000 	C:\WINDOWS\WinSxS\amd64_microsoft.windows.common-controls_6595b64144ccf1df_6.0.22621.290_none_a93c417bc112f3a2\COMCTL32.dll
0x00007ff970c20000 - 0x00007ff970cc7000 	C:\WINDOWS\System32\msvcrt.dll
0x00007ff9708c0000 - 0x00007ff9708f1000 	C:\WINDOWS\System32\IMM32.DLL
0x00007ff9692f0000 - 0x00007ff9692fc000 	c:\Users\asus\.vscode\extensions\redhat.java-1.22.1-win32-x64\jre\17.0.8.1-win32-x86_64\bin\vcruntime140_1.dll
0x00007ff90fa30000 - 0x00007ff90fac1000 	c:\Users\asus\.vscode\extensions\redhat.java-1.22.1-win32-x64\jre\17.0.8.1-win32-x86_64\bin\msvcp140.dll
0x00007ff90ec20000 - 0x00007ff90f86c000 	c:\Users\asus\.vscode\extensions\redhat.java-1.22.1-win32-x64\jre\17.0.8.1-win32-x86_64\bin\server\jvm.dll
0x00007ff971e30000 - 0x00007ff971ede000 	C:\WINDOWS\System32\ADVAPI32.dll
0x00007ff9702d0000 - 0x00007ff970374000 	C:\WINDOWS\System32\sechost.dll
0x00007ff970b00000 - 0x00007ff970c15000 	C:\WINDOWS\System32\RPCRT4.dll
0x00007ff96f620000 - 0x00007ff96f66d000 	C:\WINDOWS\SYSTEM32\POWRPROF.dll
0x00007ff967400000 - 0x00007ff967434000 	C:\WINDOWS\SYSTEM32\WINMM.dll
0x00007ff966bb0000 - 0x00007ff966bba000 	C:\WINDOWS\SYSTEM32\VERSION.dll
0x00007ff9686a0000 - 0x00007ff9686a9000 	C:\WINDOWS\SYSTEM32\WSOCK32.dll
0x00007ff971890000 - 0x00007ff971901000 	C:\WINDOWS\System32\ws2_32.DLL
0x00007ff96f600000 - 0x00007ff96f613000 	C:\WINDOWS\SYSTEM32\UMPDC.dll
0x00007ff96d9d0000 - 0x00007ff96d9e8000 	C:\WINDOWS\SYSTEM32\kernel.appcore.dll
0x00007ff94ef80000 - 0x00007ff94ef8a000 	c:\Users\asus\.vscode\extensions\redhat.java-1.22.1-win32-x64\jre\17.0.8.1-win32-x86_64\bin\jimage.dll
0x00007ff96efe0000 - 0x00007ff96f20e000 	C:\WINDOWS\SYSTEM32\DBGHELP.DLL
0x00007ff971f40000 - 0x00007ff9722c9000 	C:\WINDOWS\System32\combase.dll
0x00007ff970a00000 - 0x00007ff970ad7000 	C:\WINDOWS\System32\OLEAUT32.dll
0x00007ff96eea0000 - 0x00007ff96eed2000 	C:\WINDOWS\SYSTEM32\dbgcore.DLL
0x00007ff96f8e0000 - 0x00007ff96f95b000 	C:\WINDOWS\System32\bcryptPrimitives.dll
0x00007ff90fa00000 - 0x00007ff90fa25000 	c:\Users\asus\.vscode\extensions\redhat.java-1.22.1-win32-x64\jre\17.0.8.1-win32-x86_64\bin\java.dll
0x00007ff90f9e0000 - 0x00007ff90f9f8000 	c:\Users\asus\.vscode\extensions\redhat.java-1.22.1-win32-x64\jre\17.0.8.1-win32-x86_64\bin\zip.dll
0x00007ff970d90000 - 0x00007ff97156b000 	C:\WINDOWS\System32\SHELL32.dll
0x00007ff96c850000 - 0x00007ff96d104000 	C:\WINDOWS\SYSTEM32\windows.storage.dll
0x00007ff96c710000 - 0x00007ff96c84d000 	C:\WINDOWS\SYSTEM32\wintypes.dll
0x00007ff970120000 - 0x00007ff970211000 	C:\WINDOWS\System32\SHCORE.dll
0x00007ff971ee0000 - 0x00007ff971f3e000 	C:\WINDOWS\System32\shlwapi.dll
0x00007ff96f680000 - 0x00007ff96f6a1000 	C:\WINDOWS\SYSTEM32\profapi.dll
0x00007ff90f9c0000 - 0x00007ff90f9d9000 	C:\Users\asus\.vscode\extensions\redhat.java-1.22.1-win32-x64\jre\17.0.8.1-win32-x86_64\bin\net.dll
0x00007ff967100000 - 0x00007ff96722f000 	C:\WINDOWS\SYSTEM32\WINHTTP.dll
0x00007ff96e510000 - 0x00007ff96e579000 	C:\WINDOWS\system32\mswsock.dll
0x00007ff90f9a0000 - 0x00007ff90f9b5000 	C:\Users\asus\.vscode\extensions\redhat.java-1.22.1-win32-x64\jre\17.0.8.1-win32-x86_64\bin\nio.dll
0x00007ff96f300000 - 0x00007ff96f31b000 	C:\WINDOWS\SYSTEM32\CRYPTSP.dll
0x00007ff96d940000 - 0x00007ff96d975000 	C:\WINDOWS\system32\rsaenh.dll
0x00007ff96e610000 - 0x00007ff96e638000 	C:\WINDOWS\SYSTEM32\USERENV.dll
0x00007ff96eee0000 - 0x00007ff96ef08000 	C:\WINDOWS\SYSTEM32\bcrypt.dll
0x00007ff96e7a0000 - 0x00007ff96e7ac000 	C:\WINDOWS\SYSTEM32\CRYPTBASE.dll
0x00007ff96d3e0000 - 0x00007ff96d40d000 	C:\WINDOWS\SYSTEM32\IPHLPAPI.DLL
0x00007ff971570000 - 0x00007ff971579000 	C:\WINDOWS\System32\NSI.dll
0x00007ff967020000 - 0x00007ff967039000 	C:\WINDOWS\SYSTEM32\dhcpcsvc6.DLL
0x00007ff967000000 - 0x00007ff96701f000 	C:\WINDOWS\SYSTEM32\dhcpcsvc.DLL
0x00007ff96d460000 - 0x00007ff96d552000 	C:\WINDOWS\SYSTEM32\DNSAPI.dll
0x00007ff926940000 - 0x00007ff926950000 	c:\Users\asus\.vscode\extensions\redhat.java-1.22.1-win32-x64\jre\17.0.8.1-win32-x86_64\bin\verify.dll
0x00007ff960ec0000 - 0x00007ff960ec9000 	C:\Users\asus\.vscode\extensions\redhat.java-1.22.1-win32-x64\jre\17.0.8.1-win32-x86_64\bin\management.dll
0x00007ff960eb0000 - 0x00007ff960ebb000 	C:\Users\asus\.vscode\extensions\redhat.java-1.22.1-win32-x64\jre\17.0.8.1-win32-x86_64\bin\management_ext.dll
0x00007ff970d80000 - 0x00007ff970d88000 	C:\WINDOWS\System32\PSAPI.DLL

dbghelp: loaded successfully - version: 4.0.5 - missing functions: none
symbol engine: initialized successfully - sym options: 0x614 - pdb path: .;c:\Users\asus\.vscode\extensions\redhat.java-1.22.1-win32-x64\jre\17.0.8.1-win32-x86_64\bin;C:\WINDOWS\SYSTEM32;C:\WINDOWS\WinSxS\amd64_microsoft.windows.common-controls_6595b64144ccf1df_6.0.22621.290_none_a93c417bc112f3a2;c:\Users\asus\.vscode\extensions\redhat.java-1.22.1-win32-x64\jre\17.0.8.1-win32-x86_64\bin\server

VM Arguments:
jvm_args: -XX:+HeapDumpOnOutOfMemoryError -Xmx1024m -Dsts.lsp.client=vscode -Dsts.log.file=/dev/null -XX:TieredStopAtLevel=1 -Xlog:jni+resolve=off -Dspring.config.location=file:c:\Users\asus\.vscode\extensions\vmware.vscode-spring-boot-1.49.0\language-server\BOOT-INF\classes\application.properties 
java_command: org.springframework.ide.vscode.boot.app.BootLanguageServerBootApp
java_class_path (initial): c:\Users\asus\.vscode\extensions\vmware.vscode-spring-boot-1.49.0\language-server\BOOT-INF\classes;c:\Users\asus\.vscode\extensions\vmware.vscode-spring-boot-1.49.0\language-server\BOOT-INF\lib\annotations-24.0.1.jar;c:\Users\asus\.vscode\extensions\vmware.vscode-spring-boot-1.49.0\language-server\BOOT-INF\lib\antlr-runtime-3.5.3.jar;c:\Users\asus\.vscode\extensions\vmware.vscode-spring-boot-1.49.0\language-server\BOOT-INF\lib\antlr4-4.11.1.jar;c:\Users\asus\.vscode\extensions\vmware.vscode-spring-boot-1.49.0\language-server\BOOT-INF\lib\antlr4-runtime-4.11.1.jar;c:\Users\asus\.vscode\extensions\vmware.vscode-spring-boot-1.49.0\language-server\BOOT-INF\lib\archunit-1.1.0.jar;c:\Users\asus\.vscode\extensions\vmware.vscode-spring-boot-1.49.0\language-server\BOOT-INF\lib\asm-9.5.jar;c:\Users\asus\.vscode\extensions\vmware.vscode-spring-boot-1.49.0\language-server\BOOT-INF\lib\asm-analysis-9.5.jar;c:\Users\asus\.vscode\extensions\vmware.vscode-spring-boot-1.49.0\language-server\BOOT-INF\lib\asm-tree-9.5.jar;c:\Users\asus\.vscode\extensions\vmware.vscode-spring-boot-1.49.0\language-server\BOOT-INF\lib\asm-util-9.5.jar;c:\Users\asus\.vscode\extensions\vmware.vscode-spring-boot-1.49.0\language-server\BOOT-INF\lib\bosh-language-server-1.49.0-SNAPSHOT.jar;c:\Users\asus\.vscode\extensions\vmware.vscode-spring-boot-1.49.0\language-server\BOOT-INF\lib\caffeine-3.1.6.jar;c:\Users\asus\.vscode\extensions\vmware.vscode-spring-boot-1.49.0\language-server\BOOT-INF\lib\checker-qual-3.12.0.jar;c:\Users\asus\.vscode\extensions\vmware.vscode-spring-boot-1.49.0\language-server\BOOT-INF\lib\classgraph-4.8.149.jar;c:\Users\asus\.vscode\extensions\vmware.vscode-spring-boot-1.49.0\language-server\BOOT-INF\lib\commons-codec-1.15.jar;c:\Users\asus\.vscode\extensions\vmware.vscode-spring-boot-1.49.0\language-server\BOOT-INF\lib\commons-compress-1.23.0.jar;c:\Users\asus\.vscode\extensions\vmware.vscode-spring-boot-1.49.0\language-server\BOOT-INF\lib\commons-io-2.4.ja
Launcher Type: SUN_STANDARD

[Global flags]
     intx CICompilerCount                          = 4                                         {product} {ergonomic}
     uint ConcGCThreads                            = 2                                         {product} {ergonomic}
     uint G1ConcRefinementThreads                  = 8                                         {product} {ergonomic}
   size_t G1HeapRegionSize                         = 1048576                                   {product} {ergonomic}
    uintx GCDrainStackTargetSize                   = 64                                        {product} {ergonomic}
     bool HeapDumpOnOutOfMemoryError               = true                                   {manageable} {command line}
   size_t InitialHeapSize                          = 100663296                                 {product} {ergonomic}
   size_t MarkStackSize                            = 4194304                                   {product} {ergonomic}
   size_t MaxHeapSize                              = 1073741824                                {product} {command line}
   size_t MaxNewSize                               = 643825664                                 {product} {ergonomic}
   size_t MinHeapDeltaBytes                        = 1048576                                   {product} {ergonomic}
   size_t MinHeapSize                              = 8388608                                   {product} {ergonomic}
    uintx NonProfiledCodeHeapSize                  = 0                                      {pd product} {ergonomic}
     bool ProfileInterpreter                       = false                                  {pd product} {command line}
    uintx ProfiledCodeHeapSize                     = 0                                      {pd product} {ergonomic}
   size_t SoftMaxHeapSize                          = 1073741824                             {manageable} {ergonomic}
     intx TieredStopAtLevel                        = 1                                         {product} {command line}
     bool UseCompressedClassPointers               = true                           {product lp64_product} {ergonomic}
     bool UseCompressedOops                        = true                           {product lp64_product} {ergonomic}
     bool UseG1GC                                  = true                                      {product} {ergonomic}
     bool UseLargePagesIndividualAllocation        = false                                  {pd product} {ergonomic}

Logging:
Log output configuration:
 #0: stdout all=warning,jni+resolve=off uptime,level,tags
 #1: stderr all=off uptime,level,tags

Environment Variables:
JAVA_HOME=C:\Program Files\Java\jdk-20\jdk-17.0.2
PATH=C:\Program Files\Eclipse Adoptium\jdk-11.0.20.8-hotspot\bin;C:\Program Files\Common Files\Oracle\Java\javapath;C:\ProgramData\Oracle\Java\javapath;C:\WINDOWS\system32;C:\WINDOWS;C:\WINDOWS\System32\Wbem;C:\WINDOWS\System32\WindowsPowerShell\v1.0\;C:\WINDOWS\System32\OpenSSH\;C:\Program Files\Git\cmd;C:\ProgramData\chocolatey\bin;C:\Program Files\MySQL\MySQL Server 8.0\bin;C:\Program Files\Java\jre1.8.0_51\bin;C:\Program Files\Apache Software Foundation\Tomcat 10.1\bin;C:\Program Files\Java\jdk-17.0.2\bin;C:\msys64\mingw64\bin;C:\msys64\usr\bin;;C:\Program Files\Docker\Docker\resources\bin;C:\Program Files\MySQL\MySQL Shell 8.0\bin\;C:\Users\asus\AppData\Local\Programs\Python\Python310\Scripts\;C:\Users\asus\AppData\Local\Programs\Python\Python310\;C:\Users\asus\AppData\Local\Microsoft\WindowsApps;C:\Users\asus\AppData\Local\Programs\Microsoft VS Code\bin;C:\Program Files\heroku\bin;C:\Program Files\JetBrains\IntelliJ IDEA Community Edition 2023.2\bin;;C:\Program Files\JetBrains\DataGrip 2023.2.1\bin;
USERNAME=asus
OS=Windows_NT
PROCESSOR_IDENTIFIER=AMD64 Family 23 Model 24 Stepping 1, AuthenticAMD
TMP=C:\Users\asus\AppData\Local\Temp
TEMP=C:\Users\asus\AppData\Local\Temp



---------------  S Y S T E M  ---------------

OS:
 Windows 11 , 64 bit Build 22621 (10.0.22621.285)
OS uptime: 1 days 8:14 hours
Hyper-V role detected

CPU: total 8 (initial active 8) (8 cores per cpu, 2 threads per core) family 23 model 24 stepping 1 microcode 0x0, cx8, cmov, fxsr, ht, mmx, 3dnowpref, sse, sse2, sse3, ssse3, sse4a, sse4.1, sse4.2, popcnt, lzcnt, tsc, tscinvbit, avx, avx2, aes, clmul, bmi1, bmi2, adx, sha, fma, vzeroupper, clflush, clflushopt, hv
Processor Information for all 8 processors :
  Max Mhz: 2100, Current Mhz: 2100, Mhz Limit: 2100

Memory: 4k page, system-wide physical 6091M (724M free)
TotalPageFile size 24523M (AvailPageFile size 0M)
current process WorkingSet (physical memory assigned to process): 99M, peak: 109M
current process commit charge ("private bytes"): 190M, peak: 197M

vm_info: OpenJDK 64-Bit Server VM (17.0.8.1+1) for windows-amd64 JRE (17.0.8.1+1), built on Aug 23 2023 15:29:17 by "admin" with MS VC++ 16.7 (VS2019)

END.
